# JRE version: Java(TM) SE Runtime Environment (18.0.1.1+2) (build 18.0.1.1+2-6)
# Java VM: Java HotSpot(TM) 64-Bit Server VM (18.0.1.1+2-6, mixed mode, sharing, tiered, compressed oops, compressed class ptrs, g1 gc, windows-amd64)
Heap:
 garbage-first heap   total 524288K, used 301360K [0x0000000602400000, 0x0000000800000000)
  region size 4096K, 68 young (278528K), 8 survivors (32768K)
 Metaspace       used 2752K, committed 2944K, reserved 1114112K
  class space    used 172K, committed 256K, reserved 1048576K
GC Heap History (10 events):
Event: 0.510 GC heap before
{Heap before GC invocations=0 (full 0):
 garbage-first heap   total 524288K, used 24576K [0x0000000602400000, 0x0000000800000000)
  region size 4096K, 6 young (24576K), 0 survivors (0K)
 Metaspace       used 2596K, committed 2816K, reserved 1114112K
  class space    used 164K, committed 256K, reserved 1048576K
}
Event: 0.513 GC heap after
{Heap after GC invocations=1 (full 0):
 garbage-first heap   total 524288K, used 2620K [0x0000000602400000, 0x0000000800000000)
  region size 4096K, 1 young (4096K), 1 survivors (4096K)
 Metaspace       used 2596K, committed 2816K, reserved 1114112K
  class space    used 164K, committed 256K, reserved 1048576K
}
Event: 0.680 GC heap before
{Heap before GC invocations=1 (full 0):
 garbage-first heap   total 524288K, used 35388K [0x0000000602400000, 0x0000000800000000)
  region size 4096K, 9 young (36864K), 1 survivors (4096K)
 Metaspace       used 2621K, committed 2816K, reserved 1114112K
  class space    used 165K, committed 256K, reserved 1048576K
}
Event: 0.682 GC heap after
{Heap after GC invocations=2 (full 0):
 garbage-first heap   total 524288K, used 3908K [0x0000000602400000, 0x0000000800000000)
  region size 4096K, 1 young (4096K), 1 survivors (4096K)
 Metaspace       used 2621K, committed 2816K, reserved 1114112K
  class space    used 165K, committed 256K, reserved 1048576K
}
Event: 1.942 GC heap before
{Heap before GC invocations=2 (full 0):
 garbage-first heap   total 524288K, used 307012K [0x0000000602400000, 0x0000000800000000)
  region size 4096K, 76 young (311296K), 1 survivors (4096K)
 Metaspace       used 2632K, committed 2816K, reserved 1114112K
  class space    used 165K, committed 256K, reserved 1048576K
}
Event: 1.950 GC heap after
{Heap after GC invocations=3 (full 0):
 garbage-first heap   total 524288K, used 23692K [0x0000000602400000, 0x0000000800000000)
  region size 4096K, 6 young (24576K), 6 survivors (24576K)
 Metaspace       used 2632K, committed 2816K, reserved 1114112K
  class space    used 165K, committed 256K, reserved 1048576K
}
Event: 2.892 GC heap before
{Heap before GC invocations=3 (full 0):
 garbage-first heap   total 524288K, used 269452K [0x0000000602400000, 0x0000000800000000)
  region size 4096K, 66 young (270336K), 6 survivors (24576K)
 Metaspace       used 2642K, committed 2816K, reserved 1114112K
  class space    used 165K, committed 256K, reserved 1048576K
}
Event: 2.905 GC heap after
{Heap after GC invocations=4 (full 0):
 garbage-first heap   total 524288K, used 42027K [0x0000000602400000, 0x0000000800000000)
  region size 4096K, 5 young (20480K), 5 survivors (20480K)
 Metaspace       used 2642K, committed 2816K, reserved 1114112K
  class space    used 165K, committed 256K, reserved 1048576K
}
Event: 3.735 GC heap before
{Heap before GC invocations=4 (full 0):
 garbage-first heap   total 524288K, used 267307K [0x0000000602400000, 0x0000000800000000)
  region size 4096K, 60 young (245760K), 5 survivors (20480K)
 Metaspace       used 2660K, committed 2816K, reserved 1114112K
  class space    used 165K, committed 256K, reserved 1048576K
}
Event: 3.742 GC heap after
{Heap after GC invocations=5 (full 0):
 garbage-first heap   total 524288K, used 56262K [0x0000000602400000, 0x0000000800000000)
  region size 4096K, 8 young (32768K), 8 survivors (32768K)
 Metaspace       used 2660K, committed 2816K, reserved 1114112K
  class space    used 165K, committed 256K, reserved 1048576K
}

